[2025-10-22 12:02:49] [32minfo[39m:Server listening on http://localhost:3000
[2025-10-22 12:02:51] [31merror[39m:[DB error]: ER_NO_SUCH_TABLE: Table '2025_katicabufe.categories' doesn't exist
[2025-10-22 12:03:09] [31merror[39m:[DB error]: ER_NO_SUCH_TABLE: Table '2025_katicabufe.categories' doesn't exist
[2025-10-22 12:03:17] [31merror[39m:[DB error]: ER_NO_SUCH_TABLE: Table '2025_katicabufe.customers' doesn't exist
[2025-10-22 12:04:08] [31merror[39m:[DB error]: ER_NO_SUCH_TABLE: Table '2025_katicabufe.customers' doesn't exist
[2025-10-22 12:05:00] [32minfo[39m:GET /vevo - 4 record(s) Sent | 29ms
[2025-10-22 12:05:10] [32minfo[39m:GET /kategoria - 3 record(s) Sent | 1ms
[2025-10-22 12:06:24] [31merror[39m:[DB error]: ER_NO_SUCH_TABLE: Table '2025_katicabufe.fogalom' doesn't exist
[2025-10-22 12:06:30] [32minfo[39m:GET /forgalom - 12 record(s) Sent | 5ms
[2025-10-22 12:06:48] [32minfo[39m:GET /termek - 3 record(s) Sent | 2ms
[2025-10-22 12:06:57] [32minfo[39m:GET /termek - 3 record(s) Sent | 1ms
[2025-10-22 12:15:06] [32minfo[39m:Server listening on http://localhost:3000
[2025-10-22 12:15:34] [31merror[39m:[DB error]: ER_BAD_FIELD_ERROR: Unknown column 'id' in 'where clause'
[2025-10-22 12:16:29] [31merror[39m:[DB error]: ER_BAD_FIELD_ERROR: Unknown column 'id' in 'where clause'
[2025-10-22 12:18:31] [31merror[39m:[DB error]: ER_BAD_FIELD_ERROR: Unknown column 'id' in 'where clause'
[2025-10-22 12:18:34] [32minfo[39m:GET /termek - 3 record(s) Sent | 1ms
[2025-10-22 12:18:40] [31merror[39m:[DB error]: ER_BAD_FIELD_ERROR: Unknown column 'id' in 'where clause'
[2025-10-22 12:18:45] [32minfo[39m:Server listening on http://localhost:3000
[2025-10-22 12:18:46] [31merror[39m:[DB error]: ER_BAD_FIELD_ERROR: Unknown column 'id' in 'where clause'
[2025-10-22 12:18:48] [32minfo[39m:GET /termek - 3 record(s) Sent | 3ms
[2025-11-02 16:34:31] [32minfo[39m:Server listening on http://localhost:3000
[2025-11-02 16:34:36] [31merror[39m:[DB error]: 
[2025-11-02 16:34:39] [31merror[39m:[DB error]: 
[2025-11-02 16:34:59] [32minfo[39m:GET /termek - 2 record(s) Sent | 20ms
[2025-11-02 16:35:02] [31merror[39m:[DB error]: ER_BAD_FIELD_ERROR: Unknown column 'id' in 'where clause'
[2025-11-02 16:35:07] [31merror[39m:[DB error]: ER_BAD_FIELD_ERROR: Unknown column 'id' in 'where clause'
[2025-11-02 16:35:10] [32minfo[39m:GET /termek - 2 record(s) Sent | 2ms
[2025-11-02 16:35:15] [31merror[39m:[DB error]: ER_BAD_FIELD_ERROR: Unknown column 'id' in 'where clause'
[2025-11-02 16:35:23] [31merror[39m:[DB error]: ER_BAD_FIELD_ERROR: Unknown column 'id' in 'where clause'
[2025-11-02 16:35:24] [32minfo[39m:GET /termek - 2 record(s) Sent | 2ms
[2025-11-02 16:35:46] [32minfo[39m:GET /termek - 2 record(s) Sent | 2ms
[2025-11-02 16:47:07] [32minfo[39m:GET /termek - 2 record(s) Sent | 30ms
[2025-11-02 16:48:30] [31merror[39m:[DB error]: ER_BAD_FIELD_ERROR: Unknown column 'id' in 'where clause'
[2025-11-02 16:49:05] [32minfo[39m:Server listening on http://localhost:3000
[2025-11-02 16:51:18] [32minfo[39m:Server listening on http://localhost:3000
[2025-11-02 17:11:23] [32minfo[39m:Server listening on http://localhost:3000
[2025-11-02 17:11:24] [32minfo[39m:GET /wallets - 0 record(s) Sent | 27ms
[2025-11-02 17:11:49] [32minfo[39m:GET /wallets/1 - 0 record(s) Sent | 3ms
[2025-11-02 17:13:17] [32minfo[39m:GET /wallets/1 - 1 record(s) Sent | 3ms
[2025-11-02 17:13:23] [32minfo[39m:GET /wallets - 1 record(s) Sent | 1ms
[2025-11-02 17:20:48] [32minfo[39m:Server listening on http://localhost:3000
[2025-11-02 17:20:55] [32minfo[39m:GET /wallets/1 - 1 record(s) Sent | 45ms
[2025-11-02 17:22:11] [32minfo[39m:POST /wallets - 1 record(s) affected | 5ms
[2025-11-02 17:22:20] [32minfo[39m:GET /wallets - 2 record(s) Sent | 2ms
[2025-11-02 17:24:08] [32minfo[39m:Server listening on http://localhost:3000
[2025-11-02 17:24:40] [32minfo[39m:GET /wallets/2 - 1 record(s) Sent | 25ms
[2025-11-02 17:24:55] [32minfo[39m:DELETE /wallets/2 - 1 record(s) affected | 9ms
[2025-11-02 17:24:59] [32minfo[39m:GET /wallets/1 - 1 record(s) Sent | 2ms
[2025-11-02 17:25:02] [32minfo[39m:GET /wallets - 1 record(s) Sent | 2ms
[2025-11-02 17:26:21] [32minfo[39m:Server listening on http://localhost:3000
[2025-11-02 17:26:27] [32minfo[39m:POST /wallets - 1 record(s) affected | 25ms
[2025-11-02 17:26:33] [32minfo[39m:GET /wallets - 2 record(s) Sent | 3ms
[2025-11-02 17:27:38] [32minfo[39m:PATCH /wallets/2 - 1 record(s) affected | 12ms
[2025-11-02 17:27:42] [32minfo[39m:GET /wallets - 2 record(s) Sent | 2ms
[2025-11-02 17:33:44] [32minfo[39m:Server listening on http://localhost:3000
[2025-11-02 17:33:50] [31merror[39m:[DB error]: ER_DUP_ENTRY: Duplicate entry '2' for key 'PRIMARY'
[2025-11-02 17:33:50] [31merror[39m:ER_DUP_ENTRY: Duplicate entry '2' for key 'PRIMARY'
[2025-11-02 17:33:58] [32minfo[39m:GET /wallets/1 - 1 record(s) Sent | 10ms
[2025-11-02 17:34:05] [32minfo[39m:POST /wallets - 1 record(s) affected | 3ms
[2025-11-02 17:34:10] [32minfo[39m:DELETE /wallets/3 - 1 record(s) affected | 5ms
[2025-11-02 17:34:13] [32minfo[39m:GET /wallets/1 - 1 record(s) Sent | 2ms
[2025-11-02 17:34:19] [32minfo[39m:Server listening on http://localhost:3000
[2025-11-02 22:38:57] [32minfo[39m:Server listening on http://localhost:3000
[2025-11-02 22:39:03] [32minfo[39m:GET /wallets - 2 record(s) Sent | 242ms
[2025-11-02 22:40:51] [32minfo[39m:GET /wallets - 2 record(s) Sent | 9ms
[2025-11-02 22:44:17] [32minfo[39m:GET /wallets - 2 record(s) Sent | 22ms
[2025-11-02 22:52:46] [32minfo[39m:GET /transactions - 2 record(s) Sent | 7ms
[2025-11-02 22:59:29] [32minfo[39m:GET /transactions - 2 record(s) Sent | 6ms
[2025-11-02 22:59:50] [32minfo[39m:GET /transactions - 2 record(s) Sent | 2ms
[2025-11-02 23:01:18] [32minfo[39m:GET /transactions - 2 record(s) Sent | 5ms
[2025-11-02 23:01:23] [32minfo[39m:DELETE /transactions/1 - 1 record(s) affected | 21ms
[2025-11-02 23:01:24] [32minfo[39m:GET /transactions - 1 record(s) Sent | 2ms
[2025-11-02 23:01:26] [32minfo[39m:GET /transactions - 1 record(s) Sent | 7ms
[2025-11-02 23:03:45] [32minfo[39m:GET /wallets - 2 record(s) Sent | 4ms
[2025-11-02 23:05:56] [32minfo[39m:GET /wallets - 2 record(s) Sent | 4ms
[2025-11-02 23:06:01] [32minfo[39m:DELETE /wallets/1 - 1 record(s) affected | 15ms
[2025-11-02 23:06:02] [32minfo[39m:GET /wallets - 1 record(s) Sent | 1ms
[2025-11-02 23:08:11] [32minfo[39m:GET /wallets - 1 record(s) Sent | 5ms
[2025-11-02 23:08:44] [32minfo[39m:GET /transactions - 1 record(s) Sent | 3ms
[2025-11-02 23:08:46] [32minfo[39m:GET /wallets - 1 record(s) Sent | 4ms
[2025-11-02 23:08:46] [32minfo[39m:GET /transactions - 1 record(s) Sent | 8ms
